{
  "/Users/shakhri/Desktop/rs/react/rs-react-app/src/main.tsx": {
    "path": "/Users/shakhri/Desktop/rs/react/rs-react-app/src/main.tsx",
    "all": true,
    "statementMap": {
      "0": {
        "start": { "line": 1, "column": 0 },
        "end": { "line": 1, "column": 35 }
      },
      "1": {
        "start": { "line": 2, "column": 0 },
        "end": { "line": 2, "column": 46 }
      },
      "2": {
        "start": { "line": 3, "column": 0 },
        "end": { "line": 3, "column": 21 }
      },
      "3": {
        "start": { "line": 4, "column": 0 },
        "end": { "line": 4, "column": 32 }
      },
      "5": {
        "start": { "line": 6, "column": 0 },
        "end": { "line": 6, "column": 52 }
      },
      "7": {
        "start": { "line": 8, "column": 0 },
        "end": { "line": 8, "column": 18 }
      },
      "8": {
        "start": { "line": 9, "column": 0 },
        "end": { "line": 9, "column": 33 }
      },
      "9": {
        "start": { "line": 10, "column": 0 },
        "end": { "line": 10, "column": 16 }
      },
      "10": {
        "start": { "line": 11, "column": 0 },
        "end": { "line": 11, "column": 13 }
      },
      "11": {
        "start": { "line": 12, "column": 0 },
        "end": { "line": 12, "column": 17 }
      },
      "12": {
        "start": { "line": 13, "column": 0 },
        "end": { "line": 13, "column": 4 }
      },
      "13": {
        "start": { "line": 14, "column": 0 },
        "end": { "line": 14, "column": 1 }
      }
    },
    "s": {
      "0": 0,
      "1": 0,
      "2": 0,
      "3": 0,
      "5": 0,
      "7": 0,
      "8": 0,
      "9": 0,
      "10": 0,
      "11": 0,
      "12": 0,
      "13": 0
    },
    "branchMap": {
      "0": {
        "type": "branch",
        "line": 1,
        "loc": {
          "start": { "line": 1, "column": 269 },
          "end": { "line": 14, "column": -218 }
        },
        "locations": [
          {
            "start": { "line": 1, "column": 269 },
            "end": { "line": 14, "column": -218 }
          }
        ]
      }
    },
    "b": { "0": [0] },
    "fnMap": {
      "0": {
        "name": "(empty-report)",
        "decl": {
          "start": { "line": 1, "column": 269 },
          "end": { "line": 14, "column": -218 }
        },
        "loc": {
          "start": { "line": 1, "column": 269 },
          "end": { "line": 14, "column": -218 }
        },
        "line": 1
      }
    },
    "f": { "0": 0 }
  },
  "/Users/shakhri/Desktop/rs/react/rs-react-app/src/api/Api.ts": {
    "path": "/Users/shakhri/Desktop/rs/react/rs-react-app/src/api/Api.ts",
    "all": false,
    "statementMap": {
      "6": {
        "start": { "line": 7, "column": 0 },
        "end": { "line": 7, "column": 55 }
      },
      "8": {
        "start": { "line": 9, "column": 0 },
        "end": { "line": 9, "column": 34 }
      },
      "9": {
        "start": { "line": 10, "column": 0 },
        "end": { "line": 10, "column": 20 }
      },
      "10": {
        "start": { "line": 11, "column": 0 },
        "end": { "line": 11, "column": 33 }
      },
      "11": {
        "start": { "line": 12, "column": 0 },
        "end": { "line": 12, "column": 19 }
      },
      "12": {
        "start": { "line": 13, "column": 0 },
        "end": { "line": 13, "column": 34 }
      },
      "13": {
        "start": { "line": 14, "column": 0 },
        "end": { "line": 14, "column": 10 }
      },
      "14": {
        "start": { "line": 15, "column": 0 },
        "end": { "line": 15, "column": 60 }
      },
      "15": {
        "start": { "line": 16, "column": 0 },
        "end": { "line": 16, "column": 53 }
      },
      "16": {
        "start": { "line": 17, "column": 0 },
        "end": { "line": 17, "column": 46 }
      },
      "17": {
        "start": { "line": 18, "column": 0 },
        "end": { "line": 18, "column": 45 }
      },
      "18": {
        "start": { "line": 19, "column": 0 },
        "end": { "line": 19, "column": 70 }
      },
      "19": {
        "start": { "line": 20, "column": 0 },
        "end": { "line": 20, "column": 25 }
      },
      "20": {
        "start": { "line": 21, "column": 0 },
        "end": { "line": 21, "column": 8 }
      },
      "21": {
        "start": { "line": 22, "column": 0 },
        "end": { "line": 22, "column": 6 }
      },
      "23": {
        "start": { "line": 24, "column": 0 },
        "end": { "line": 24, "column": 49 }
      },
      "24": {
        "start": { "line": 25, "column": 0 },
        "end": { "line": 25, "column": 3 }
      },
      "25": {
        "start": { "line": 26, "column": 0 },
        "end": { "line": 26, "column": 1 }
      },
      "27": {
        "start": { "line": 28, "column": 0 },
        "end": { "line": 28, "column": 47 }
      },
      "28": {
        "start": { "line": 29, "column": 0 },
        "end": { "line": 29, "column": 34 }
      },
      "29": {
        "start": { "line": 30, "column": 0 },
        "end": { "line": 30, "column": 33 }
      },
      "30": {
        "start": { "line": 31, "column": 0 },
        "end": { "line": 31, "column": 30 }
      },
      "31": {
        "start": { "line": 32, "column": 0 },
        "end": { "line": 32, "column": 27 }
      },
      "32": {
        "start": { "line": 33, "column": 0 },
        "end": { "line": 33, "column": 1 }
      },
      "34": {
        "start": { "line": 35, "column": 0 },
        "end": { "line": 35, "column": 78 }
      },
      "35": {
        "start": { "line": 36, "column": 0 },
        "end": { "line": 36, "column": 60 }
      },
      "36": {
        "start": { "line": 37, "column": 0 },
        "end": { "line": 37, "column": 22 }
      },
      "37": {
        "start": { "line": 38, "column": 0 },
        "end": { "line": 38, "column": 4 }
      },
      "38": {
        "start": { "line": 39, "column": 0 },
        "end": { "line": 39, "column": 18 }
      },
      "39": {
        "start": { "line": 40, "column": 0 },
        "end": { "line": 40, "column": 1 }
      },
      "41": {
        "start": { "line": 42, "column": 0 },
        "end": { "line": 42, "column": 79 }
      },
      "42": {
        "start": { "line": 43, "column": 0 },
        "end": { "line": 43, "column": 65 }
      },
      "43": {
        "start": { "line": 44, "column": 0 },
        "end": { "line": 44, "column": 10 }
      },
      "44": {
        "start": { "line": 45, "column": 0 },
        "end": { "line": 45, "column": 12 }
      },
      "45": {
        "start": { "line": 46, "column": 0 },
        "end": { "line": 46, "column": 34 }
      },
      "46": {
        "start": { "line": 47, "column": 0 },
        "end": { "line": 47, "column": 32 }
      },
      "47": {
        "start": { "line": 48, "column": 0 },
        "end": { "line": 48, "column": 36 }
      },
      "48": {
        "start": { "line": 49, "column": 0 },
        "end": { "line": 49, "column": 54 }
      },
      "49": {
        "start": { "line": 50, "column": 0 },
        "end": { "line": 50, "column": 8 }
      },
      "50": {
        "start": { "line": 51, "column": 0 },
        "end": { "line": 51, "column": 6 }
      },
      "51": {
        "start": { "line": 52, "column": 0 },
        "end": { "line": 52, "column": 4 }
      },
      "52": {
        "start": { "line": 53, "column": 0 },
        "end": { "line": 53, "column": 1 }
      },
      "54": {
        "start": { "line": 55, "column": 0 },
        "end": { "line": 55, "column": 72 }
      },
      "55": {
        "start": { "line": 56, "column": 0 },
        "end": { "line": 56, "column": 36 }
      },
      "56": {
        "start": { "line": 57, "column": 0 },
        "end": { "line": 57, "column": 20 }
      },
      "57": {
        "start": { "line": 58, "column": 0 },
        "end": { "line": 58, "column": 49 }
      },
      "58": {
        "start": { "line": 59, "column": 0 },
        "end": { "line": 59, "column": 34 }
      },
      "59": {
        "start": { "line": 60, "column": 0 },
        "end": { "line": 60, "column": 10 }
      },
      "60": {
        "start": { "line": 61, "column": 0 },
        "end": { "line": 61, "column": 37 }
      },
      "61": {
        "start": { "line": 62, "column": 0 },
        "end": { "line": 62, "column": 3 }
      },
      "62": {
        "start": { "line": 63, "column": 0 },
        "end": { "line": 63, "column": 1 }
      },
      "64": {
        "start": { "line": 65, "column": 0 },
        "end": { "line": 65, "column": 74 }
      },
      "65": {
        "start": { "line": 66, "column": 0 },
        "end": { "line": 66, "column": 36 }
      },
      "66": {
        "start": { "line": 67, "column": 0 },
        "end": { "line": 67, "column": 20 }
      },
      "67": {
        "start": { "line": 68, "column": 0 },
        "end": { "line": 68, "column": 49 }
      },
      "68": {
        "start": { "line": 69, "column": 0 },
        "end": { "line": 69, "column": 26 }
      },
      "69": {
        "start": { "line": 70, "column": 0 },
        "end": { "line": 70, "column": 10 }
      },
      "70": {
        "start": { "line": 71, "column": 0 },
        "end": { "line": 71, "column": 37 }
      },
      "71": {
        "start": { "line": 72, "column": 0 },
        "end": { "line": 72, "column": 3 }
      },
      "72": {
        "start": { "line": 73, "column": 0 },
        "end": { "line": 73, "column": 1 }
      }
    },
    "s": {
      "6": 1,
      "8": 5,
      "9": 5,
      "10": 5,
      "11": 5,
      "12": 3,
      "13": 4,
      "14": 2,
      "15": 2,
      "16": 2,
      "17": 21,
      "18": 2,
      "19": 2,
      "20": 2,
      "21": 2,
      "23": 1,
      "24": 1,
      "25": 5,
      "27": 3,
      "28": 3,
      "29": 3,
      "30": 3,
      "31": 1,
      "32": 1,
      "34": 1,
      "35": 1,
      "36": 1,
      "37": 1,
      "38": 1,
      "39": 1,
      "41": 2,
      "42": 2,
      "43": 2,
      "44": 2,
      "45": 2,
      "46": 2,
      "47": 2,
      "48": 2,
      "49": 2,
      "50": 2,
      "51": 2,
      "52": 2,
      "54": 2,
      "55": 2,
      "56": 2,
      "57": 2,
      "58": 2,
      "59": 2,
      "60": 0,
      "61": 0,
      "62": 2,
      "64": 3,
      "65": 3,
      "66": 3,
      "67": 1,
      "68": 1,
      "69": 3,
      "70": 2,
      "71": 2,
      "72": 3
    },
    "branchMap": {
      "0": {
        "type": "branch",
        "line": 9,
        "loc": {
          "start": { "line": 9, "column": 0 },
          "end": { "line": 26, "column": 1 }
        },
        "locations": [
          {
            "start": { "line": 9, "column": 0 },
            "end": { "line": 26, "column": 1 }
          }
        ]
      },
      "1": {
        "type": "branch",
        "line": 12,
        "loc": {
          "start": { "line": 12, "column": 18 },
          "end": { "line": 25, "column": 3 }
        },
        "locations": [
          {
            "start": { "line": 12, "column": 18 },
            "end": { "line": 25, "column": 3 }
          }
        ]
      },
      "2": {
        "type": "branch",
        "line": 12,
        "loc": {
          "start": { "line": 12, "column": 18 },
          "end": { "line": 14, "column": 9 }
        },
        "locations": [
          {
            "start": { "line": 12, "column": 18 },
            "end": { "line": 14, "column": 9 }
          }
        ]
      },
      "3": {
        "type": "branch",
        "line": 14,
        "loc": {
          "start": { "line": 14, "column": 2 },
          "end": { "line": 25, "column": 3 }
        },
        "locations": [
          {
            "start": { "line": 14, "column": 2 },
            "end": { "line": 25, "column": 3 }
          }
        ]
      },
      "4": {
        "type": "branch",
        "line": 22,
        "loc": {
          "start": { "line": 22, "column": 4 },
          "end": { "line": 25, "column": 3 }
        },
        "locations": [
          {
            "start": { "line": 22, "column": 4 },
            "end": { "line": 25, "column": 3 }
          }
        ]
      },
      "5": {
        "type": "branch",
        "line": 17,
        "loc": {
          "start": { "line": 17, "column": 26 },
          "end": { "line": 21, "column": 7 }
        },
        "locations": [
          {
            "start": { "line": 17, "column": 26 },
            "end": { "line": 21, "column": 7 }
          }
        ]
      },
      "6": {
        "type": "branch",
        "line": 18,
        "loc": {
          "start": { "line": 18, "column": 43 },
          "end": { "line": 20, "column": 25 }
        },
        "locations": [
          {
            "start": { "line": 18, "column": 43 },
            "end": { "line": 20, "column": 25 }
          }
        ]
      },
      "7": {
        "type": "branch",
        "line": 28,
        "loc": {
          "start": { "line": 28, "column": 0 },
          "end": { "line": 33, "column": 1 }
        },
        "locations": [
          {
            "start": { "line": 28, "column": 0 },
            "end": { "line": 33, "column": 1 }
          }
        ]
      },
      "8": {
        "type": "branch",
        "line": 31,
        "loc": {
          "start": { "line": 31, "column": 2 },
          "end": { "line": 33, "column": 1 }
        },
        "locations": [
          {
            "start": { "line": 31, "column": 2 },
            "end": { "line": 33, "column": 1 }
          }
        ]
      },
      "9": {
        "type": "branch",
        "line": 35,
        "loc": {
          "start": { "line": 35, "column": 0 },
          "end": { "line": 40, "column": 1 }
        },
        "locations": [
          {
            "start": { "line": 35, "column": 0 },
            "end": { "line": 40, "column": 1 }
          }
        ]
      },
      "10": {
        "type": "branch",
        "line": 36,
        "loc": {
          "start": { "line": 36, "column": 51 },
          "end": { "line": 37, "column": 22 }
        },
        "locations": [
          {
            "start": { "line": 36, "column": 51 },
            "end": { "line": 37, "column": 22 }
          }
        ]
      },
      "11": {
        "type": "branch",
        "line": 42,
        "loc": {
          "start": { "line": 42, "column": 0 },
          "end": { "line": 53, "column": 1 }
        },
        "locations": [
          {
            "start": { "line": 42, "column": 0 },
            "end": { "line": 53, "column": 1 }
          }
        ]
      },
      "12": {
        "type": "branch",
        "line": 48,
        "loc": {
          "start": { "line": 48, "column": 6 },
          "end": { "line": 49, "column": 54 }
        },
        "locations": [
          {
            "start": { "line": 48, "column": 6 },
            "end": { "line": 49, "column": 54 }
          }
        ]
      },
      "13": {
        "type": "branch",
        "line": 55,
        "loc": {
          "start": { "line": 55, "column": 0 },
          "end": { "line": 63, "column": 1 }
        },
        "locations": [
          {
            "start": { "line": 55, "column": 0 },
            "end": { "line": 63, "column": 1 }
          }
        ]
      },
      "14": {
        "type": "branch",
        "line": 60,
        "loc": {
          "start": { "line": 60, "column": 2 },
          "end": { "line": 62, "column": 3 }
        },
        "locations": [
          {
            "start": { "line": 60, "column": 2 },
            "end": { "line": 62, "column": 3 }
          }
        ]
      },
      "15": {
        "type": "branch",
        "line": 65,
        "loc": {
          "start": { "line": 65, "column": 0 },
          "end": { "line": 73, "column": 1 }
        },
        "locations": [
          {
            "start": { "line": 65, "column": 0 },
            "end": { "line": 73, "column": 1 }
          }
        ]
      },
      "16": {
        "type": "branch",
        "line": 67,
        "loc": {
          "start": { "line": 67, "column": 19 },
          "end": { "line": 70, "column": 9 }
        },
        "locations": [
          {
            "start": { "line": 67, "column": 19 },
            "end": { "line": 70, "column": 9 }
          }
        ]
      },
      "17": {
        "type": "branch",
        "line": 70,
        "loc": {
          "start": { "line": 70, "column": 2 },
          "end": { "line": 72, "column": 3 }
        },
        "locations": [
          {
            "start": { "line": 70, "column": 2 },
            "end": { "line": 72, "column": 3 }
          }
        ]
      }
    },
    "b": {
      "0": [5],
      "1": [4],
      "2": [3],
      "3": [2],
      "4": [1],
      "5": [21],
      "6": [2],
      "7": [3],
      "8": [1],
      "9": [1],
      "10": [1],
      "11": [2],
      "12": [2],
      "13": [2],
      "14": [0],
      "15": [3],
      "16": [1],
      "17": [2]
    },
    "fnMap": {
      "0": {
        "name": "getPokemons",
        "decl": {
          "start": { "line": 9, "column": 0 },
          "end": { "line": 26, "column": 1 }
        },
        "loc": {
          "start": { "line": 9, "column": 0 },
          "end": { "line": 26, "column": 1 }
        },
        "line": 9
      },
      "1": {
        "name": "getPokemon",
        "decl": {
          "start": { "line": 28, "column": 0 },
          "end": { "line": 33, "column": 1 }
        },
        "loc": {
          "start": { "line": 28, "column": 0 },
          "end": { "line": 33, "column": 1 }
        },
        "line": 28
      },
      "2": {
        "name": "parsePokemons",
        "decl": {
          "start": { "line": 35, "column": 0 },
          "end": { "line": 40, "column": 1 }
        },
        "loc": {
          "start": { "line": 35, "column": 0 },
          "end": { "line": 40, "column": 1 }
        },
        "line": 35
      },
      "3": {
        "name": "parsePokemon",
        "decl": {
          "start": { "line": 42, "column": 0 },
          "end": { "line": 53, "column": 1 }
        },
        "loc": {
          "start": { "line": 42, "column": 0 },
          "end": { "line": 53, "column": 1 }
        },
        "line": 42
      },
      "4": {
        "name": "fetchPokemons",
        "decl": {
          "start": { "line": 55, "column": 0 },
          "end": { "line": 63, "column": 1 }
        },
        "loc": {
          "start": { "line": 55, "column": 0 },
          "end": { "line": 63, "column": 1 }
        },
        "line": 55
      },
      "5": {
        "name": "fetchPokemon",
        "decl": {
          "start": { "line": 65, "column": 0 },
          "end": { "line": 73, "column": 1 }
        },
        "loc": {
          "start": { "line": 65, "column": 0 },
          "end": { "line": 73, "column": 1 }
        },
        "line": 65
      }
    },
    "f": { "0": 5, "1": 3, "2": 1, "3": 2, "4": 2, "5": 3 }
  },
  "/Users/shakhri/Desktop/rs/react/rs-react-app/src/app/App.tsx": {
    "path": "/Users/shakhri/Desktop/rs/react/rs-react-app/src/app/App.tsx",
    "all": false,
    "statementMap": {
      "0": {
        "start": { "line": 1, "column": 0 },
        "end": { "line": 1, "column": 19 }
      },
      "1": {
        "start": { "line": 2, "column": 0 },
        "end": { "line": 2, "column": 34 }
      },
      "2": {
        "start": { "line": 3, "column": 0 },
        "end": { "line": 3, "column": 63 }
      },
      "3": {
        "start": { "line": 4, "column": 0 },
        "end": { "line": 4, "column": 61 }
      },
      "4": {
        "start": { "line": 5, "column": 0 },
        "end": { "line": 5, "column": 64 }
      },
      "5": {
        "start": { "line": 6, "column": 0 },
        "end": { "line": 6, "column": 58 }
      },
      "7": {
        "start": { "line": 8, "column": 0 },
        "end": { "line": 8, "column": 62 }
      },
      "8": {
        "start": { "line": 9, "column": 0 },
        "end": { "line": 9, "column": 86 }
      },
      "9": {
        "start": { "line": 10, "column": 0 },
        "end": { "line": 10, "column": 57 }
      },
      "10": {
        "start": { "line": 11, "column": 0 },
        "end": { "line": 11, "column": 51 }
      },
      "11": {
        "start": { "line": 12, "column": 0 },
        "end": { "line": 12, "column": 53 }
      },
      "12": {
        "start": { "line": 13, "column": 0 },
        "end": { "line": 13, "column": 54 }
      },
      "13": {
        "start": { "line": 14, "column": 0 },
        "end": { "line": 14, "column": 38 }
      },
      "15": {
        "start": { "line": 16, "column": 0 },
        "end": { "line": 16, "column": 44 }
      },
      "16": {
        "start": { "line": 17, "column": 0 },
        "end": { "line": 17, "column": 11 }
      },
      "17": {
        "start": { "line": 18, "column": 0 },
        "end": { "line": 18, "column": 24 }
      },
      "18": {
        "start": { "line": 19, "column": 0 },
        "end": { "line": 19, "column": 20 }
      },
      "19": {
        "start": { "line": 20, "column": 0 },
        "end": { "line": 20, "column": 19 }
      },
      "20": {
        "start": { "line": 21, "column": 0 },
        "end": { "line": 21, "column": 17 }
      },
      "21": {
        "start": { "line": 22, "column": 0 },
        "end": { "line": 22, "column": 25 }
      },
      "22": {
        "start": { "line": 23, "column": 0 },
        "end": { "line": 23, "column": 28 }
      },
      "23": {
        "start": { "line": 24, "column": 0 },
        "end": { "line": 24, "column": 4 }
      },
      "25": {
        "start": { "line": 26, "column": 0 },
        "end": { "line": 26, "column": 29 }
      },
      "26": {
        "start": { "line": 27, "column": 0 },
        "end": { "line": 27, "column": 55 }
      },
      "27": {
        "start": { "line": 28, "column": 0 },
        "end": { "line": 28, "column": 18 }
      },
      "28": {
        "start": { "line": 29, "column": 0 },
        "end": { "line": 29, "column": 7 }
      },
      "29": {
        "start": { "line": 30, "column": 0 },
        "end": { "line": 30, "column": 36 }
      },
      "30": {
        "start": { "line": 31, "column": 0 },
        "end": { "line": 31, "column": 8 }
      },
      "31": {
        "start": { "line": 32, "column": 0 },
        "end": { "line": 32, "column": 13 }
      },
      "32": {
        "start": { "line": 33, "column": 0 },
        "end": { "line": 33, "column": 27 }
      },
      "33": {
        "start": { "line": 34, "column": 0 },
        "end": { "line": 34, "column": 7 }
      },
      "34": {
        "start": { "line": 35, "column": 0 },
        "end": { "line": 35, "column": 6 }
      },
      "35": {
        "start": { "line": 36, "column": 0 },
        "end": { "line": 36, "column": 3 }
      },
      "37": {
        "start": { "line": 38, "column": 0 },
        "end": { "line": 38, "column": 30 }
      },
      "38": {
        "start": { "line": 39, "column": 0 },
        "end": { "line": 39, "column": 35 }
      },
      "39": {
        "start": { "line": 40, "column": 0 },
        "end": { "line": 40, "column": 36 }
      },
      "40": {
        "start": { "line": 41, "column": 0 },
        "end": { "line": 41, "column": 5 }
      },
      "41": {
        "start": { "line": 42, "column": 0 },
        "end": { "line": 42, "column": 3 }
      },
      "43": {
        "start": { "line": 44, "column": 0 },
        "end": { "line": 44, "column": 43 }
      },
      "44": {
        "start": { "line": 45, "column": 0 },
        "end": { "line": 45, "column": 21 }
      },
      "45": {
        "start": { "line": 46, "column": 0 },
        "end": { "line": 46, "column": 19 }
      },
      "46": {
        "start": { "line": 47, "column": 0 },
        "end": { "line": 47, "column": 22 }
      },
      "47": {
        "start": { "line": 48, "column": 0 },
        "end": { "line": 48, "column": 7 }
      },
      "49": {
        "start": { "line": 50, "column": 0 },
        "end": { "line": 50, "column": 15 }
      },
      "51": {
        "start": { "line": 52, "column": 0 },
        "end": { "line": 52, "column": 9 }
      },
      "52": {
        "start": { "line": 53, "column": 0 },
        "end": { "line": 53, "column": 54 }
      },
      "53": {
        "start": { "line": 54, "column": 0 },
        "end": { "line": 54, "column": 45 }
      },
      "54": {
        "start": { "line": 55, "column": 0 },
        "end": { "line": 55, "column": 26 }
      },
      "55": {
        "start": { "line": 56, "column": 0 },
        "end": { "line": 56, "column": 7 }
      },
      "56": {
        "start": { "line": 57, "column": 0 },
        "end": { "line": 57, "column": 13 }
      },
      "57": {
        "start": { "line": 58, "column": 0 },
        "end": { "line": 58, "column": 38 }
      },
      "58": {
        "start": { "line": 59, "column": 0 },
        "end": { "line": 59, "column": 16 }
      },
      "59": {
        "start": { "line": 60, "column": 0 },
        "end": { "line": 60, "column": 15 }
      },
      "60": {
        "start": { "line": 61, "column": 0 },
        "end": { "line": 61, "column": 21 }
      },
      "61": {
        "start": { "line": 62, "column": 0 },
        "end": { "line": 62, "column": 25 }
      },
      "62": {
        "start": { "line": 63, "column": 0 },
        "end": { "line": 63, "column": 25 }
      },
      "63": {
        "start": { "line": 64, "column": 0 },
        "end": { "line": 64, "column": 9 }
      },
      "64": {
        "start": { "line": 65, "column": 0 },
        "end": { "line": 65, "column": 5 }
      },
      "65": {
        "start": { "line": 66, "column": 0 },
        "end": { "line": 66, "column": 18 }
      },
      "66": {
        "start": { "line": 67, "column": 0 },
        "end": { "line": 67, "column": 3 }
      },
      "68": {
        "start": { "line": 69, "column": 0 },
        "end": { "line": 69, "column": 23 }
      },
      "69": {
        "start": { "line": 70, "column": 0 },
        "end": { "line": 70, "column": 19 }
      },
      "70": {
        "start": { "line": 71, "column": 0 },
        "end": { "line": 71, "column": 26 }
      },
      "71": {
        "start": { "line": 72, "column": 0 },
        "end": { "line": 72, "column": 7 }
      },
      "72": {
        "start": { "line": 73, "column": 0 },
        "end": { "line": 73, "column": 3 }
      },
      "74": {
        "start": { "line": 75, "column": 0 },
        "end": { "line": 75, "column": 30 }
      },
      "75": {
        "start": { "line": 76, "column": 0 },
        "end": { "line": 76, "column": 19 }
      },
      "76": {
        "start": { "line": 77, "column": 0 },
        "end": { "line": 77, "column": 18 }
      },
      "77": {
        "start": { "line": 78, "column": 0 },
        "end": { "line": 78, "column": 28 }
      },
      "78": {
        "start": { "line": 79, "column": 0 },
        "end": { "line": 79, "column": 7 }
      },
      "79": {
        "start": { "line": 80, "column": 0 },
        "end": { "line": 80, "column": 25 }
      },
      "80": {
        "start": { "line": 81, "column": 0 },
        "end": { "line": 81, "column": 3 }
      },
      "82": {
        "start": { "line": 83, "column": 0 },
        "end": { "line": 83, "column": 15 }
      },
      "83": {
        "start": { "line": 84, "column": 0 },
        "end": { "line": 84, "column": 19 }
      },
      "84": {
        "start": { "line": 85, "column": 0 },
        "end": { "line": 85, "column": 19 }
      },
      "85": {
        "start": { "line": 86, "column": 0 },
        "end": { "line": 86, "column": 30 }
      },
      "86": {
        "start": { "line": 87, "column": 0 },
        "end": { "line": 87, "column": 7 }
      },
      "87": {
        "start": { "line": 88, "column": 0 },
        "end": { "line": 88, "column": 3 }
      },
      "89": {
        "start": { "line": 90, "column": 0 },
        "end": { "line": 90, "column": 17 }
      },
      "90": {
        "start": { "line": 91, "column": 0 },
        "end": { "line": 91, "column": 19 }
      },
      "91": {
        "start": { "line": 92, "column": 0 },
        "end": { "line": 92, "column": 21 }
      },
      "92": {
        "start": { "line": 93, "column": 0 },
        "end": { "line": 93, "column": 7 }
      },
      "93": {
        "start": { "line": 94, "column": 0 },
        "end": { "line": 94, "column": 37 }
      },
      "94": {
        "start": { "line": 95, "column": 0 },
        "end": { "line": 95, "column": 3 }
      },
      "96": {
        "start": { "line": 97, "column": 0 },
        "end": { "line": 97, "column": 48 }
      },
      "97": {
        "start": { "line": 98, "column": 0 },
        "end": { "line": 98, "column": 37 }
      },
      "98": {
        "start": { "line": 99, "column": 0 },
        "end": { "line": 99, "column": 18 }
      },
      "99": {
        "start": { "line": 100, "column": 0 },
        "end": { "line": 100, "column": 7 }
      },
      "100": {
        "start": { "line": 101, "column": 0 },
        "end": { "line": 101, "column": 26 }
      },
      "101": {
        "start": { "line": 102, "column": 0 },
        "end": { "line": 102, "column": 8 }
      },
      "102": {
        "start": { "line": 103, "column": 0 },
        "end": { "line": 103, "column": 13 }
      },
      "103": {
        "start": { "line": 104, "column": 0 },
        "end": { "line": 104, "column": 27 }
      },
      "104": {
        "start": { "line": 105, "column": 0 },
        "end": { "line": 105, "column": 7 }
      },
      "105": {
        "start": { "line": 106, "column": 0 },
        "end": { "line": 106, "column": 6 }
      },
      "106": {
        "start": { "line": 107, "column": 0 },
        "end": { "line": 107, "column": 3 }
      },
      "108": {
        "start": { "line": 109, "column": 0 },
        "end": { "line": 109, "column": 12 }
      },
      "109": {
        "start": { "line": 110, "column": 0 },
        "end": { "line": 110, "column": 12 }
      },
      "110": {
        "start": { "line": 111, "column": 0 },
        "end": { "line": 111, "column": 8 }
      },
      "111": {
        "start": { "line": 112, "column": 0 },
        "end": { "line": 112, "column": 68 }
      },
      "112": {
        "start": { "line": 113, "column": 0 },
        "end": { "line": 113, "column": 25 }
      },
      "113": {
        "start": { "line": 114, "column": 0 },
        "end": { "line": 114, "column": 24 }
      },
      "114": {
        "start": { "line": 115, "column": 0 },
        "end": { "line": 115, "column": 25 }
      },
      "115": {
        "start": { "line": 116, "column": 0 },
        "end": { "line": 116, "column": 45 }
      },
      "116": {
        "start": { "line": 117, "column": 0 },
        "end": { "line": 117, "column": 43 }
      },
      "117": {
        "start": { "line": 118, "column": 0 },
        "end": { "line": 118, "column": 54 }
      },
      "118": {
        "start": { "line": 119, "column": 0 },
        "end": { "line": 119, "column": 18 }
      },
      "119": {
        "start": { "line": 120, "column": 0 },
        "end": { "line": 120, "column": 16 }
      },
      "120": {
        "start": { "line": 121, "column": 0 },
        "end": { "line": 121, "column": 25 }
      },
      "121": {
        "start": { "line": 122, "column": 0 },
        "end": { "line": 122, "column": 22 }
      },
      "122": {
        "start": { "line": 123, "column": 0 },
        "end": { "line": 123, "column": 39 }
      },
      "123": {
        "start": { "line": 124, "column": 0 },
        "end": { "line": 124, "column": 31 }
      },
      "124": {
        "start": { "line": 125, "column": 0 },
        "end": { "line": 125, "column": 38 }
      },
      "125": {
        "start": { "line": 126, "column": 0 },
        "end": { "line": 126, "column": 26 }
      },
      "126": {
        "start": { "line": 127, "column": 0 },
        "end": { "line": 127, "column": 51 }
      },
      "127": {
        "start": { "line": 128, "column": 0 },
        "end": { "line": 128, "column": 63 }
      },
      "128": {
        "start": { "line": 129, "column": 0 },
        "end": { "line": 129, "column": 18 }
      },
      "130": {
        "start": { "line": 131, "column": 0 },
        "end": { "line": 131, "column": 63 }
      },
      "132": {
        "start": { "line": 133, "column": 0 },
        "end": { "line": 133, "column": 41 }
      },
      "133": {
        "start": { "line": 134, "column": 0 },
        "end": { "line": 134, "column": 23 }
      },
      "134": {
        "start": { "line": 135, "column": 0 },
        "end": { "line": 135, "column": 26 }
      },
      "135": {
        "start": { "line": 136, "column": 0 },
        "end": { "line": 136, "column": 14 }
      },
      "136": {
        "start": { "line": 137, "column": 0 },
        "end": { "line": 137, "column": 9 }
      },
      "138": {
        "start": { "line": 139, "column": 0 },
        "end": { "line": 139, "column": 3 }
      },
      "139": {
        "start": { "line": 140, "column": 0 },
        "end": { "line": 140, "column": 1 }
      }
    },
    "s": {
      "0": 1,
      "1": 1,
      "2": 1,
      "3": 1,
      "4": 1,
      "5": 1,
      "7": 1,
      "8": 1,
      "9": 1,
      "10": 1,
      "11": 1,
      "12": 1,
      "13": 1,
      "15": 1,
      "16": 1,
      "17": 3,
      "18": 3,
      "19": 3,
      "20": 3,
      "21": 3,
      "22": 3,
      "23": 3,
      "25": 1,
      "26": 3,
      "27": 3,
      "28": 3,
      "29": 3,
      "30": 3,
      "31": 3,
      "32": 3,
      "33": 3,
      "34": 3,
      "35": 3,
      "37": 1,
      "38": 11,
      "39": 0,
      "40": 0,
      "41": 11,
      "43": 1,
      "44": 5,
      "45": 5,
      "46": 5,
      "47": 5,
      "49": 5,
      "51": 5,
      "52": 5,
      "53": 5,
      "54": 0,
      "55": 0,
      "56": 5,
      "57": 2,
      "58": 2,
      "59": 5,
      "60": 4,
      "61": 4,
      "62": 4,
      "63": 4,
      "64": 4,
      "65": 2,
      "66": 5,
      "68": 1,
      "69": 0,
      "70": 0,
      "71": 0,
      "72": 0,
      "74": 1,
      "75": 2,
      "76": 2,
      "77": 2,
      "78": 2,
      "79": 2,
      "80": 2,
      "82": 1,
      "83": 5,
      "84": 5,
      "85": 5,
      "86": 5,
      "87": 5,
      "89": 1,
      "90": 0,
      "91": 0,
      "92": 0,
      "93": 0,
      "94": 0,
      "96": 1,
      "97": 2,
      "98": 2,
      "99": 2,
      "100": 2,
      "101": 2,
      "102": 2,
      "103": 2,
      "104": 2,
      "105": 2,
      "106": 2,
      "108": 1,
      "109": 14,
      "110": 14,
      "111": 14,
      "112": 14,
      "113": 14,
      "114": 14,
      "115": 14,
      "116": 14,
      "117": 2,
      "118": 2,
      "119": 14,
      "120": 14,
      "121": 14,
      "122": 14,
      "123": 13,
      "124": 1,
      "125": 0,
      "126": 0,
      "127": 0,
      "128": 0,
      "130": 1,
      "132": 14,
      "133": 14,
      "134": 14,
      "135": 14,
      "136": 14,
      "138": 14,
      "139": 1
    },
    "branchMap": {
      "0": {
        "type": "branch",
        "line": 17,
        "loc": {
          "start": { "line": 17, "column": 2 },
          "end": { "line": 24, "column": 4 }
        },
        "locations": [
          {
            "start": { "line": 17, "column": 2 },
            "end": { "line": 24, "column": 4 }
          }
        ]
      },
      "1": {
        "type": "branch",
        "line": 26,
        "loc": {
          "start": { "line": 26, "column": 2 },
          "end": { "line": 36, "column": 3 }
        },
        "locations": [
          {
            "start": { "line": 26, "column": 2 },
            "end": { "line": 36, "column": 3 }
          }
        ]
      },
      "2": {
        "type": "branch",
        "line": 32,
        "loc": {
          "start": { "line": 32, "column": 6 },
          "end": { "line": 34, "column": 7 }
        },
        "locations": [
          {
            "start": { "line": 32, "column": 6 },
            "end": { "line": 34, "column": 7 }
          }
        ]
      },
      "3": {
        "type": "branch",
        "line": 38,
        "loc": {
          "start": { "line": 38, "column": 2 },
          "end": { "line": 42, "column": 3 }
        },
        "locations": [
          {
            "start": { "line": 38, "column": 2 },
            "end": { "line": 42, "column": 3 }
          }
        ]
      },
      "4": {
        "type": "branch",
        "line": 39,
        "loc": {
          "start": { "line": 39, "column": 34 },
          "end": { "line": 41, "column": 5 }
        },
        "locations": [
          {
            "start": { "line": 39, "column": 34 },
            "end": { "line": 41, "column": 5 }
          }
        ]
      },
      "5": {
        "type": "branch",
        "line": 44,
        "loc": {
          "start": { "line": 44, "column": 2 },
          "end": { "line": 67, "column": 3 }
        },
        "locations": [
          {
            "start": { "line": 44, "column": 2 },
            "end": { "line": 67, "column": 3 }
          }
        ]
      },
      "6": {
        "type": "branch",
        "line": 53,
        "loc": {
          "start": { "line": 53, "column": 52 },
          "end": { "line": 54, "column": 44 }
        },
        "locations": [
          {
            "start": { "line": 53, "column": 52 },
            "end": { "line": 54, "column": 44 }
          }
        ]
      },
      "7": {
        "type": "branch",
        "line": 54,
        "loc": {
          "start": { "line": 54, "column": 44 },
          "end": { "line": 56, "column": 7 }
        },
        "locations": [
          {
            "start": { "line": 54, "column": 44 },
            "end": { "line": 56, "column": 7 }
          }
        ]
      },
      "8": {
        "type": "branch",
        "line": 57,
        "loc": {
          "start": { "line": 57, "column": 4 },
          "end": { "line": 60, "column": 6 }
        },
        "locations": [
          {
            "start": { "line": 57, "column": 4 },
            "end": { "line": 60, "column": 6 }
          }
        ]
      },
      "9": {
        "type": "branch",
        "line": 60,
        "loc": {
          "start": { "line": 60, "column": 4 },
          "end": { "line": 65, "column": 5 }
        },
        "locations": [
          {
            "start": { "line": 60, "column": 4 },
            "end": { "line": 65, "column": 5 }
          }
        ]
      },
      "10": {
        "type": "branch",
        "line": 65,
        "loc": {
          "start": { "line": 65, "column": 4 },
          "end": { "line": 66, "column": 18 }
        },
        "locations": [
          {
            "start": { "line": 65, "column": 4 },
            "end": { "line": 66, "column": 18 }
          }
        ]
      },
      "11": {
        "type": "branch",
        "line": 75,
        "loc": {
          "start": { "line": 75, "column": 2 },
          "end": { "line": 81, "column": 3 }
        },
        "locations": [
          {
            "start": { "line": 75, "column": 2 },
            "end": { "line": 81, "column": 3 }
          }
        ]
      },
      "12": {
        "type": "branch",
        "line": 83,
        "loc": {
          "start": { "line": 83, "column": 2 },
          "end": { "line": 88, "column": 3 }
        },
        "locations": [
          {
            "start": { "line": 83, "column": 2 },
            "end": { "line": 88, "column": 3 }
          }
        ]
      },
      "13": {
        "type": "branch",
        "line": 97,
        "loc": {
          "start": { "line": 97, "column": 2 },
          "end": { "line": 107, "column": 3 }
        },
        "locations": [
          {
            "start": { "line": 97, "column": 2 },
            "end": { "line": 107, "column": 3 }
          }
        ]
      },
      "14": {
        "type": "branch",
        "line": 103,
        "loc": {
          "start": { "line": 103, "column": 6 },
          "end": { "line": 105, "column": 7 }
        },
        "locations": [
          {
            "start": { "line": 103, "column": 6 },
            "end": { "line": 105, "column": 7 }
          }
        ]
      },
      "15": {
        "type": "branch",
        "line": 109,
        "loc": {
          "start": { "line": 109, "column": 2 },
          "end": { "line": 139, "column": 3 }
        },
        "locations": [
          {
            "start": { "line": 109, "column": 2 },
            "end": { "line": 139, "column": 3 }
          }
        ]
      },
      "16": {
        "type": "branch",
        "line": 123,
        "loc": {
          "start": { "line": 123, "column": 26 },
          "end": { "line": 124, "column": 31 }
        },
        "locations": [
          {
            "start": { "line": 123, "column": 26 },
            "end": { "line": 124, "column": 31 }
          }
        ]
      },
      "17": {
        "type": "branch",
        "line": 124,
        "loc": {
          "start": { "line": 124, "column": 29 },
          "end": { "line": 131, "column": 63 }
        },
        "locations": [
          {
            "start": { "line": 124, "column": 29 },
            "end": { "line": 131, "column": 63 }
          }
        ]
      },
      "18": {
        "type": "branch",
        "line": 125,
        "loc": {
          "start": { "line": 125, "column": 29 },
          "end": { "line": 129, "column": 18 }
        },
        "locations": [
          {
            "start": { "line": 125, "column": 29 },
            "end": { "line": 129, "column": 18 }
          }
        ]
      },
      "19": {
        "type": "branch",
        "line": 117,
        "loc": {
          "start": { "line": 117, "column": 31 },
          "end": { "line": 119, "column": 18 }
        },
        "locations": [
          {
            "start": { "line": 117, "column": 31 },
            "end": { "line": 119, "column": 18 }
          }
        ]
      }
    },
    "b": {
      "0": [3],
      "1": [3],
      "2": [3],
      "3": [11],
      "4": [0],
      "5": [5],
      "6": [2],
      "7": [0],
      "8": [2],
      "9": [4],
      "10": [2],
      "11": [2],
      "12": [5],
      "13": [2],
      "14": [2],
      "15": [14],
      "16": [13],
      "17": [1],
      "18": [0],
      "19": [2]
    },
    "fnMap": {
      "0": {
        "name": "<instance_members_initializer>",
        "decl": {
          "start": { "line": 17, "column": 2 },
          "end": { "line": 24, "column": 4 }
        },
        "loc": {
          "start": { "line": 17, "column": 2 },
          "end": { "line": 24, "column": 4 }
        },
        "line": 17
      },
      "1": {
        "name": "componentDidMount",
        "decl": {
          "start": { "line": 26, "column": 2 },
          "end": { "line": 36, "column": 3 }
        },
        "loc": {
          "start": { "line": 26, "column": 2 },
          "end": { "line": 36, "column": 3 }
        },
        "line": 26
      },
      "2": {
        "name": "componentDidUpdate",
        "decl": {
          "start": { "line": 38, "column": 2 },
          "end": { "line": 42, "column": 3 }
        },
        "loc": {
          "start": { "line": 38, "column": 2 },
          "end": { "line": 42, "column": 3 }
        },
        "line": 38
      },
      "3": {
        "name": "getPokemons",
        "decl": {
          "start": { "line": 44, "column": 2 },
          "end": { "line": 67, "column": 3 }
        },
        "loc": {
          "start": { "line": 44, "column": 2 },
          "end": { "line": 67, "column": 3 }
        },
        "line": 44
      },
      "4": {
        "name": "showErrorBoundary",
        "decl": {
          "start": { "line": 69, "column": 2 },
          "end": { "line": 73, "column": 3 }
        },
        "loc": {
          "start": { "line": 69, "column": 2 },
          "end": { "line": 73, "column": 3 }
        },
        "line": 69
      },
      "5": {
        "name": "showError",
        "decl": {
          "start": { "line": 75, "column": 2 },
          "end": { "line": 81, "column": 3 }
        },
        "loc": {
          "start": { "line": 75, "column": 2 },
          "end": { "line": 81, "column": 3 }
        },
        "line": 75
      },
      "6": {
        "name": "skipError",
        "decl": {
          "start": { "line": 83, "column": 2 },
          "end": { "line": 88, "column": 3 }
        },
        "loc": {
          "start": { "line": 83, "column": 2 },
          "end": { "line": 88, "column": 3 }
        },
        "line": 83
      },
      "7": {
        "name": "resetSearch",
        "decl": {
          "start": { "line": 90, "column": 2 },
          "end": { "line": 95, "column": 3 }
        },
        "loc": {
          "start": { "line": 90, "column": 2 },
          "end": { "line": 95, "column": 3 }
        },
        "line": 90
      },
      "8": {
        "name": "changeSearchTermHandler",
        "decl": {
          "start": { "line": 97, "column": 2 },
          "end": { "line": 107, "column": 3 }
        },
        "loc": {
          "start": { "line": 97, "column": 2 },
          "end": { "line": 107, "column": 3 }
        },
        "line": 97
      },
      "9": {
        "name": "render",
        "decl": {
          "start": { "line": 109, "column": 2 },
          "end": { "line": 139, "column": 3 }
        },
        "loc": {
          "start": { "line": 109, "column": 2 },
          "end": { "line": 139, "column": 3 }
        },
        "line": 109
      },
      "10": {
        "name": "onSeacrhClick",
        "decl": {
          "start": { "line": 117, "column": 31 },
          "end": { "line": 119, "column": 18 }
        },
        "loc": {
          "start": { "line": 117, "column": 31 },
          "end": { "line": 119, "column": 18 }
        },
        "line": 117
      },
      "11": {
        "name": "resetSearchHandler",
        "decl": {
          "start": { "line": 128, "column": 38 },
          "end": { "line": 128, "column": 63 }
        },
        "loc": {
          "start": { "line": 128, "column": 38 },
          "end": { "line": 128, "column": 63 }
        },
        "line": 128
      }
    },
    "f": {
      "0": 3,
      "1": 3,
      "2": 11,
      "3": 5,
      "4": 0,
      "5": 2,
      "6": 5,
      "7": 0,
      "8": 2,
      "9": 14,
      "10": 2,
      "11": 0
    }
  },
  "/Users/shakhri/Desktop/rs/react/rs-react-app/src/components/card/CardListView.tsx": {
    "path": "/Users/shakhri/Desktop/rs/react/rs-react-app/src/components/card/CardListView.tsx",
    "all": false,
    "statementMap": {
      "0": {
        "start": { "line": 1, "column": 0 },
        "end": { "line": 1, "column": 26 }
      },
      "2": {
        "start": { "line": 3, "column": 0 },
        "end": { "line": 3, "column": 38 }
      },
      "7": {
        "start": { "line": 8, "column": 0 },
        "end": { "line": 8, "column": 70 }
      },
      "8": {
        "start": { "line": 9, "column": 0 },
        "end": { "line": 9, "column": 12 }
      },
      "9": {
        "start": { "line": 10, "column": 0 },
        "end": { "line": 10, "column": 12 }
      },
      "10": {
        "start": { "line": 11, "column": 0 },
        "end": { "line": 11, "column": 59 }
      },
      "11": {
        "start": { "line": 12, "column": 0 },
        "end": { "line": 12, "column": 48 }
      },
      "12": {
        "start": { "line": 13, "column": 0 },
        "end": { "line": 13, "column": 59 }
      },
      "13": {
        "start": { "line": 14, "column": 0 },
        "end": { "line": 14, "column": 11 }
      },
      "14": {
        "start": { "line": 15, "column": 0 },
        "end": { "line": 15, "column": 12 }
      },
      "16": {
        "start": { "line": 17, "column": 0 },
        "end": { "line": 17, "column": 3 }
      },
      "17": {
        "start": { "line": 18, "column": 0 },
        "end": { "line": 18, "column": 1 }
      }
    },
    "s": {
      "0": 1,
      "2": 1,
      "7": 1,
      "8": 1,
      "9": 3,
      "10": 3,
      "11": 3,
      "12": 30,
      "13": 3,
      "14": 3,
      "16": 3,
      "17": 1
    },
    "branchMap": {
      "0": {
        "type": "branch",
        "line": 9,
        "loc": {
          "start": { "line": 9, "column": 2 },
          "end": { "line": 17, "column": 3 }
        },
        "locations": [
          {
            "start": { "line": 9, "column": 2 },
            "end": { "line": 17, "column": 3 }
          }
        ]
      },
      "1": {
        "type": "branch",
        "line": 12,
        "loc": {
          "start": { "line": 12, "column": 34 },
          "end": { "line": 13, "column": 59 }
        },
        "locations": [
          {
            "start": { "line": 12, "column": 34 },
            "end": { "line": 13, "column": 59 }
          }
        ]
      }
    },
    "b": { "0": [3], "1": [30] },
    "fnMap": {
      "0": {
        "name": "render",
        "decl": {
          "start": { "line": 9, "column": 2 },
          "end": { "line": 17, "column": 3 }
        },
        "loc": {
          "start": { "line": 9, "column": 2 },
          "end": { "line": 17, "column": 3 }
        },
        "line": 9
      }
    },
    "f": { "0": 3 }
  },
  "/Users/shakhri/Desktop/rs/react/rs-react-app/src/components/card/CardView.tsx": {
    "path": "/Users/shakhri/Desktop/rs/react/rs-react-app/src/components/card/CardView.tsx",
    "all": false,
    "statementMap": {
      "0": {
        "start": { "line": 1, "column": 0 },
        "end": { "line": 1, "column": 26 }
      },
      "7": {
        "start": { "line": 8, "column": 0 },
        "end": { "line": 8, "column": 62 }
      },
      "8": {
        "start": { "line": 9, "column": 0 },
        "end": { "line": 9, "column": 12 }
      },
      "9": {
        "start": { "line": 10, "column": 0 },
        "end": { "line": 10, "column": 12 }
      },
      "10": {
        "start": { "line": 11, "column": 0 },
        "end": { "line": 11, "column": 10 }
      },
      "11": {
        "start": { "line": 12, "column": 0 },
        "end": { "line": 12, "column": 31 }
      },
      "12": {
        "start": { "line": 13, "column": 0 },
        "end": { "line": 13, "column": 162 }
      },
      "14": {
        "start": { "line": 15, "column": 0 },
        "end": { "line": 15, "column": 12 }
      },
      "15": {
        "start": { "line": 16, "column": 0 },
        "end": { "line": 16, "column": 34 }
      },
      "16": {
        "start": { "line": 17, "column": 0 },
        "end": { "line": 17, "column": 41 }
      },
      "17": {
        "start": { "line": 18, "column": 0 },
        "end": { "line": 18, "column": 30 }
      },
      "18": {
        "start": { "line": 19, "column": 0 },
        "end": { "line": 19, "column": 15 }
      },
      "19": {
        "start": { "line": 20, "column": 0 },
        "end": { "line": 20, "column": 55 }
      },
      "20": {
        "start": { "line": 21, "column": 0 },
        "end": { "line": 21, "column": 60 }
      },
      "21": {
        "start": { "line": 22, "column": 0 },
        "end": { "line": 22, "column": 53 }
      },
      "22": {
        "start": { "line": 23, "column": 0 },
        "end": { "line": 23, "column": 37 }
      },
      "23": {
        "start": { "line": 24, "column": 0 },
        "end": { "line": 24, "column": 17 }
      },
      "24": {
        "start": { "line": 25, "column": 0 },
        "end": { "line": 25, "column": 36 }
      },
      "25": {
        "start": { "line": 26, "column": 0 },
        "end": { "line": 26, "column": 55 }
      },
      "26": {
        "start": { "line": 27, "column": 0 },
        "end": { "line": 27, "column": 39 }
      },
      "27": {
        "start": { "line": 28, "column": 0 },
        "end": { "line": 28, "column": 17 }
      },
      "28": {
        "start": { "line": 29, "column": 0 },
        "end": { "line": 29, "column": 36 }
      },
      "29": {
        "start": { "line": 30, "column": 0 },
        "end": { "line": 30, "column": 55 }
      },
      "30": {
        "start": { "line": 31, "column": 0 },
        "end": { "line": 31, "column": 39 }
      },
      "31": {
        "start": { "line": 32, "column": 0 },
        "end": { "line": 32, "column": 17 }
      },
      "32": {
        "start": { "line": 33, "column": 0 },
        "end": { "line": 33, "column": 41 }
      },
      "33": {
        "start": { "line": 34, "column": 0 },
        "end": { "line": 34, "column": 58 }
      },
      "34": {
        "start": { "line": 35, "column": 0 },
        "end": { "line": 35, "column": 42 }
      },
      "35": {
        "start": { "line": 36, "column": 0 },
        "end": { "line": 36, "column": 17 }
      },
      "36": {
        "start": { "line": 37, "column": 0 },
        "end": { "line": 37, "column": 14 }
      },
      "37": {
        "start": { "line": 38, "column": 0 },
        "end": { "line": 38, "column": 12 }
      },
      "39": {
        "start": { "line": 40, "column": 0 },
        "end": { "line": 40, "column": 3 }
      },
      "40": {
        "start": { "line": 41, "column": 0 },
        "end": { "line": 41, "column": 1 }
      }
    },
    "s": {
      "0": 1,
      "7": 1,
      "8": 1,
      "9": 31,
      "10": 31,
      "11": 31,
      "12": 31,
      "14": 31,
      "15": 31,
      "16": 31,
      "17": 31,
      "18": 31,
      "19": 31,
      "20": 31,
      "21": 31,
      "22": 31,
      "23": 31,
      "24": 31,
      "25": 31,
      "26": 31,
      "27": 31,
      "28": 31,
      "29": 31,
      "30": 31,
      "31": 31,
      "32": 31,
      "33": 31,
      "34": 31,
      "35": 31,
      "36": 31,
      "37": 31,
      "39": 31,
      "40": 1
    },
    "branchMap": {
      "0": {
        "type": "branch",
        "line": 9,
        "loc": {
          "start": { "line": 9, "column": 2 },
          "end": { "line": 40, "column": 3 }
        },
        "locations": [
          {
            "start": { "line": 9, "column": 2 },
            "end": { "line": 40, "column": 3 }
          }
        ]
      }
    },
    "b": { "0": [31] },
    "fnMap": {
      "0": {
        "name": "render",
        "decl": {
          "start": { "line": 9, "column": 2 },
          "end": { "line": 40, "column": 3 }
        },
        "loc": {
          "start": { "line": 9, "column": 2 },
          "end": { "line": 40, "column": 3 }
        },
        "line": 9
      }
    },
    "f": { "0": 31 }
  },
  "/Users/shakhri/Desktop/rs/react/rs-react-app/src/components/error/ButtonBoundaryErrorView.tsx": {
    "path": "/Users/shakhri/Desktop/rs/react/rs-react-app/src/components/error/ButtonBoundaryErrorView.tsx",
    "all": false,
    "statementMap": {
      "0": {
        "start": { "line": 1, "column": 0 },
        "end": { "line": 1, "column": 34 }
      },
      "2": {
        "start": { "line": 3, "column": 0 },
        "end": { "line": 3, "column": 56 }
      },
      "3": {
        "start": { "line": 4, "column": 0 },
        "end": { "line": 4, "column": 11 }
      },
      "4": {
        "start": { "line": 5, "column": 0 },
        "end": { "line": 5, "column": 22 }
      },
      "5": {
        "start": { "line": 6, "column": 0 },
        "end": { "line": 6, "column": 4 }
      },
      "7": {
        "start": { "line": 8, "column": 0 },
        "end": { "line": 8, "column": 18 }
      },
      "8": {
        "start": { "line": 9, "column": 0 },
        "end": { "line": 9, "column": 19 }
      },
      "9": {
        "start": { "line": 10, "column": 0 },
        "end": { "line": 10, "column": 23 }
      },
      "10": {
        "start": { "line": 11, "column": 0 },
        "end": { "line": 11, "column": 7 }
      },
      "11": {
        "start": { "line": 12, "column": 0 },
        "end": { "line": 12, "column": 3 }
      },
      "13": {
        "start": { "line": 14, "column": 0 },
        "end": { "line": 14, "column": 30 }
      },
      "14": {
        "start": { "line": 15, "column": 0 },
        "end": { "line": 15, "column": 32 }
      },
      "15": {
        "start": { "line": 16, "column": 0 },
        "end": { "line": 16, "column": 63 }
      },
      "16": {
        "start": { "line": 17, "column": 0 },
        "end": { "line": 17, "column": 5 }
      },
      "17": {
        "start": { "line": 18, "column": 0 },
        "end": { "line": 18, "column": 3 }
      },
      "19": {
        "start": { "line": 20, "column": 0 },
        "end": { "line": 20, "column": 12 }
      },
      "20": {
        "start": { "line": 21, "column": 0 },
        "end": { "line": 21, "column": 12 }
      },
      "21": {
        "start": { "line": 22, "column": 0 },
        "end": { "line": 22, "column": 13 }
      },
      "22": {
        "start": { "line": 23, "column": 0 },
        "end": { "line": 23, "column": 43 }
      },
      "23": {
        "start": { "line": 24, "column": 0 },
        "end": { "line": 24, "column": 71 }
      },
      "28": {
        "start": { "line": 29, "column": 0 },
        "end": { "line": 29, "column": 7 }
      },
      "30": {
        "start": { "line": 31, "column": 0 },
        "end": { "line": 31, "column": 15 }
      },
      "32": {
        "start": { "line": 33, "column": 0 },
        "end": { "line": 33, "column": 3 }
      },
      "33": {
        "start": { "line": 34, "column": 0 },
        "end": { "line": 34, "column": 1 }
      }
    },
    "s": {
      "0": 1,
      "2": 1,
      "3": 1,
      "4": 4,
      "5": 4,
      "7": 1,
      "8": 1,
      "9": 1,
      "10": 1,
      "11": 1,
      "13": 1,
      "14": 12,
      "15": 1,
      "16": 1,
      "17": 12,
      "19": 1,
      "20": 16,
      "21": 16,
      "22": 16,
      "23": 16,
      "28": 16,
      "30": 16,
      "32": 16,
      "33": 1
    },
    "branchMap": {
      "0": {
        "type": "branch",
        "line": 4,
        "loc": {
          "start": { "line": 4, "column": 2 },
          "end": { "line": 6, "column": 4 }
        },
        "locations": [
          {
            "start": { "line": 4, "column": 2 },
            "end": { "line": 6, "column": 4 }
          }
        ]
      },
      "1": {
        "type": "branch",
        "line": 8,
        "loc": {
          "start": { "line": 8, "column": 2 },
          "end": { "line": 12, "column": 3 }
        },
        "locations": [
          {
            "start": { "line": 8, "column": 2 },
            "end": { "line": 12, "column": 3 }
          }
        ]
      },
      "2": {
        "type": "branch",
        "line": 14,
        "loc": {
          "start": { "line": 14, "column": 2 },
          "end": { "line": 18, "column": 3 }
        },
        "locations": [
          {
            "start": { "line": 14, "column": 2 },
            "end": { "line": 18, "column": 3 }
          }
        ]
      },
      "3": {
        "type": "branch",
        "line": 15,
        "loc": {
          "start": { "line": 15, "column": 31 },
          "end": { "line": 17, "column": 5 }
        },
        "locations": [
          {
            "start": { "line": 15, "column": 31 },
            "end": { "line": 17, "column": 5 }
          }
        ]
      },
      "4": {
        "type": "branch",
        "line": 20,
        "loc": {
          "start": { "line": 20, "column": 2 },
          "end": { "line": 33, "column": 3 }
        },
        "locations": [
          {
            "start": { "line": 20, "column": 2 },
            "end": { "line": 33, "column": 3 }
          }
        ]
      },
      "5": {
        "type": "branch",
        "line": 23,
        "loc": {
          "start": { "line": 23, "column": 17 },
          "end": { "line": 23, "column": 43 }
        },
        "locations": [
          {
            "start": { "line": 23, "column": 17 },
            "end": { "line": 23, "column": 43 }
          }
        ]
      }
    },
    "b": { "0": [4], "1": [1], "2": [12], "3": [1], "4": [16], "5": [1] },
    "fnMap": {
      "0": {
        "name": "<instance_members_initializer>",
        "decl": {
          "start": { "line": 4, "column": 2 },
          "end": { "line": 6, "column": 4 }
        },
        "loc": {
          "start": { "line": 4, "column": 2 },
          "end": { "line": 6, "column": 4 }
        },
        "line": 4
      },
      "1": {
        "name": "clickHandler",
        "decl": {
          "start": { "line": 8, "column": 2 },
          "end": { "line": 12, "column": 3 }
        },
        "loc": {
          "start": { "line": 8, "column": 2 },
          "end": { "line": 12, "column": 3 }
        },
        "line": 8
      },
      "2": {
        "name": "componentDidUpdate",
        "decl": {
          "start": { "line": 14, "column": 2 },
          "end": { "line": 18, "column": 3 }
        },
        "loc": {
          "start": { "line": 14, "column": 2 },
          "end": { "line": 18, "column": 3 }
        },
        "line": 14
      },
      "3": {
        "name": "render",
        "decl": {
          "start": { "line": 20, "column": 2 },
          "end": { "line": 33, "column": 3 }
        },
        "loc": {
          "start": { "line": 20, "column": 2 },
          "end": { "line": 33, "column": 3 }
        },
        "line": 20
      },
      "4": {
        "name": "onClick",
        "decl": {
          "start": { "line": 23, "column": 17 },
          "end": { "line": 23, "column": 43 }
        },
        "loc": {
          "start": { "line": 23, "column": 17 },
          "end": { "line": 23, "column": 43 }
        },
        "line": 23
      }
    },
    "f": { "0": 4, "1": 1, "2": 12, "3": 16, "4": 1 }
  },
  "/Users/shakhri/Desktop/rs/react/rs-react-app/src/components/error/ErrorBoundary.tsx": {
    "path": "/Users/shakhri/Desktop/rs/react/rs-react-app/src/components/error/ErrorBoundary.tsx",
    "all": false,
    "statementMap": {
      "0": {
        "start": { "line": 1, "column": 0 },
        "end": { "line": 1, "column": 54 }
      },
      "1": {
        "start": { "line": 2, "column": 0 },
        "end": { "line": 2, "column": 40 }
      },
      "3": {
        "start": { "line": 4, "column": 0 },
        "end": { "line": 4, "column": 79 }
      },
      "4": {
        "start": { "line": 5, "column": 0 },
        "end": { "line": 5, "column": 30 }
      },
      "6": {
        "start": { "line": 7, "column": 0 },
        "end": { "line": 7, "column": 37 }
      },
      "7": {
        "start": { "line": 8, "column": 0 },
        "end": { "line": 8, "column": 30 }
      },
      "8": {
        "start": { "line": 9, "column": 0 },
        "end": { "line": 9, "column": 3 }
      },
      "10": {
        "start": { "line": 11, "column": 0 },
        "end": { "line": 11, "column": 58 }
      },
      "11": {
        "start": { "line": 12, "column": 0 },
        "end": { "line": 12, "column": 29 }
      },
      "12": {
        "start": { "line": 13, "column": 0 },
        "end": { "line": 13, "column": 3 }
      },
      "14": {
        "start": { "line": 15, "column": 0 },
        "end": { "line": 15, "column": 12 }
      },
      "15": {
        "start": { "line": 16, "column": 0 },
        "end": { "line": 16, "column": 30 }
      },
      "16": {
        "start": { "line": 17, "column": 0 },
        "end": { "line": 17, "column": 50 }
      },
      "17": {
        "start": { "line": 18, "column": 0 },
        "end": { "line": 18, "column": 5 }
      },
      "18": {
        "start": { "line": 19, "column": 0 },
        "end": { "line": 19, "column": 31 }
      },
      "19": {
        "start": { "line": 20, "column": 0 },
        "end": { "line": 20, "column": 3 }
      },
      "20": {
        "start": { "line": 21, "column": 0 },
        "end": { "line": 21, "column": 1 }
      }
    },
    "s": {
      "0": 1,
      "1": 1,
      "3": 1,
      "4": 1,
      "6": 1,
      "7": 0,
      "8": 0,
      "10": 1,
      "11": 0,
      "12": 0,
      "14": 1,
      "15": 14,
      "16": 0,
      "17": 0,
      "18": 14,
      "19": 14,
      "20": 1
    },
    "branchMap": {
      "0": {
        "type": "branch",
        "line": 5,
        "loc": {
          "start": { "line": 5, "column": 2 },
          "end": { "line": 5, "column": 30 }
        },
        "locations": [
          {
            "start": { "line": 5, "column": 2 },
            "end": { "line": 5, "column": 30 }
          }
        ]
      },
      "1": {
        "type": "branch",
        "line": 15,
        "loc": {
          "start": { "line": 15, "column": 2 },
          "end": { "line": 20, "column": 3 }
        },
        "locations": [
          {
            "start": { "line": 15, "column": 2 },
            "end": { "line": 20, "column": 3 }
          }
        ]
      },
      "2": {
        "type": "branch",
        "line": 16,
        "loc": {
          "start": { "line": 16, "column": 29 },
          "end": { "line": 18, "column": 5 }
        },
        "locations": [
          {
            "start": { "line": 16, "column": 29 },
            "end": { "line": 18, "column": 5 }
          }
        ]
      }
    },
    "b": { "0": [3], "1": [14], "2": [0] },
    "fnMap": {
      "0": {
        "name": "<instance_members_initializer>",
        "decl": {
          "start": { "line": 5, "column": 2 },
          "end": { "line": 5, "column": 30 }
        },
        "loc": {
          "start": { "line": 5, "column": 2 },
          "end": { "line": 5, "column": 30 }
        },
        "line": 5
      },
      "1": {
        "name": "getDerivedStateFromError",
        "decl": {
          "start": { "line": 7, "column": 9 },
          "end": { "line": 9, "column": 3 }
        },
        "loc": {
          "start": { "line": 7, "column": 9 },
          "end": { "line": 9, "column": 3 }
        },
        "line": 7
      },
      "2": {
        "name": "componentDidCatch",
        "decl": {
          "start": { "line": 11, "column": 2 },
          "end": { "line": 13, "column": 3 }
        },
        "loc": {
          "start": { "line": 11, "column": 2 },
          "end": { "line": 13, "column": 3 }
        },
        "line": 11
      },
      "3": {
        "name": "render",
        "decl": {
          "start": { "line": 15, "column": 2 },
          "end": { "line": 20, "column": 3 }
        },
        "loc": {
          "start": { "line": 15, "column": 2 },
          "end": { "line": 20, "column": 3 }
        },
        "line": 15
      }
    },
    "f": { "0": 3, "1": 0, "2": 0, "3": 14 }
  },
  "/Users/shakhri/Desktop/rs/react/rs-react-app/src/components/error/ErrorView.tsx": {
    "path": "/Users/shakhri/Desktop/rs/react/rs-react-app/src/components/error/ErrorView.tsx",
    "all": false,
    "statementMap": {
      "0": {
        "start": { "line": 1, "column": 0 },
        "end": { "line": 1, "column": 34 }
      },
      "1": {
        "start": { "line": 2, "column": 0 },
        "end": { "line": 2, "column": 67 }
      },
      "6": {
        "start": { "line": 7, "column": 0 },
        "end": { "line": 7, "column": 58 }
      },
      "7": {
        "start": { "line": 8, "column": 0 },
        "end": { "line": 8, "column": 12 }
      },
      "8": {
        "start": { "line": 9, "column": 0 },
        "end": { "line": 9, "column": 12 }
      },
      "9": {
        "start": { "line": 10, "column": 0 },
        "end": { "line": 10, "column": 77 }
      },
      "10": {
        "start": { "line": 11, "column": 0 },
        "end": { "line": 11, "column": 58 }
      },
      "11": {
        "start": { "line": 12, "column": 0 },
        "end": { "line": 12, "column": 53 }
      },
      "12": {
        "start": { "line": 13, "column": 0 },
        "end": { "line": 13, "column": 14 }
      },
      "13": {
        "start": { "line": 14, "column": 0 },
        "end": { "line": 14, "column": 70 }
      },
      "14": {
        "start": { "line": 15, "column": 0 },
        "end": { "line": 15, "column": 43 }
      },
      "15": {
        "start": { "line": 16, "column": 0 },
        "end": { "line": 16, "column": 17 }
      },
      "16": {
        "start": { "line": 17, "column": 0 },
        "end": { "line": 17, "column": 25 }
      },
      "17": {
        "start": { "line": 18, "column": 0 },
        "end": { "line": 18, "column": 28 }
      },
      "18": {
        "start": { "line": 19, "column": 0 },
        "end": { "line": 19, "column": 48 }
      },
      "19": {
        "start": { "line": 20, "column": 0 },
        "end": { "line": 20, "column": 48 }
      },
      "20": {
        "start": { "line": 21, "column": 0 },
        "end": { "line": 21, "column": 14 }
      },
      "21": {
        "start": { "line": 22, "column": 0 },
        "end": { "line": 22, "column": 350 }
      },
      "22": {
        "start": { "line": 23, "column": 0 },
        "end": { "line": 23, "column": 11 }
      },
      "24": {
        "start": { "line": 25, "column": 0 },
        "end": { "line": 25, "column": 19 }
      },
      "26": {
        "start": { "line": 27, "column": 0 },
        "end": { "line": 27, "column": 12 }
      },
      "28": {
        "start": { "line": 29, "column": 0 },
        "end": { "line": 29, "column": 3 }
      },
      "29": {
        "start": { "line": 30, "column": 0 },
        "end": { "line": 30, "column": 1 }
      }
    },
    "s": {
      "0": 1,
      "1": 1,
      "6": 1,
      "7": 1,
      "8": 0,
      "9": 0,
      "10": 0,
      "11": 0,
      "12": 0,
      "13": 0,
      "14": 0,
      "15": 0,
      "16": 0,
      "17": 0,
      "18": 0,
      "19": 0,
      "20": 0,
      "21": 0,
      "22": 0,
      "24": 0,
      "26": 0,
      "28": 0,
      "29": 1
    },
    "branchMap": {},
    "b": {},
    "fnMap": {
      "0": {
        "name": "render",
        "decl": {
          "start": { "line": 8, "column": 2 },
          "end": { "line": 29, "column": 3 }
        },
        "loc": {
          "start": { "line": 8, "column": 2 },
          "end": { "line": 29, "column": 3 }
        },
        "line": 8
      }
    },
    "f": { "0": 0 }
  },
  "/Users/shakhri/Desktop/rs/react/rs-react-app/src/components/header/HeaderView.tsx": {
    "path": "/Users/shakhri/Desktop/rs/react/rs-react-app/src/components/header/HeaderView.tsx",
    "all": false,
    "statementMap": {
      "0": {
        "start": { "line": 1, "column": 0 },
        "end": { "line": 1, "column": 46 }
      },
      "6": {
        "start": { "line": 7, "column": 0 },
        "end": { "line": 7, "column": 70 }
      },
      "7": {
        "start": { "line": 8, "column": 0 },
        "end": { "line": 8, "column": 12 }
      },
      "8": {
        "start": { "line": 9, "column": 0 },
        "end": { "line": 9, "column": 50 }
      },
      "9": {
        "start": { "line": 10, "column": 0 },
        "end": { "line": 10, "column": 3 }
      },
      "10": {
        "start": { "line": 11, "column": 0 },
        "end": { "line": 11, "column": 1 }
      }
    },
    "s": { "0": 1, "6": 1, "7": 1, "8": 14, "9": 14, "10": 1 },
    "branchMap": {
      "0": {
        "type": "branch",
        "line": 8,
        "loc": {
          "start": { "line": 8, "column": 2 },
          "end": { "line": 10, "column": 3 }
        },
        "locations": [
          {
            "start": { "line": 8, "column": 2 },
            "end": { "line": 10, "column": 3 }
          }
        ]
      }
    },
    "b": { "0": [14] },
    "fnMap": {
      "0": {
        "name": "render",
        "decl": {
          "start": { "line": 8, "column": 2 },
          "end": { "line": 10, "column": 3 }
        },
        "loc": {
          "start": { "line": 8, "column": 2 },
          "end": { "line": 10, "column": 3 }
        },
        "line": 8
      }
    },
    "f": { "0": 14 }
  },
  "/Users/shakhri/Desktop/rs/react/rs-react-app/src/components/main/MainView.tsx": {
    "path": "/Users/shakhri/Desktop/rs/react/rs-react-app/src/components/main/MainView.tsx",
    "all": false,
    "statementMap": {
      "0": {
        "start": { "line": 1, "column": 0 },
        "end": { "line": 1, "column": 46 }
      },
      "6": {
        "start": { "line": 7, "column": 0 },
        "end": { "line": 7, "column": 66 }
      },
      "7": {
        "start": { "line": 8, "column": 0 },
        "end": { "line": 8, "column": 12 }
      },
      "8": {
        "start": { "line": 9, "column": 0 },
        "end": { "line": 9, "column": 12 }
      },
      "9": {
        "start": { "line": 10, "column": 0 },
        "end": { "line": 10, "column": 64 }
      },
      "10": {
        "start": { "line": 11, "column": 0 },
        "end": { "line": 11, "column": 29 }
      },
      "11": {
        "start": { "line": 12, "column": 0 },
        "end": { "line": 12, "column": 13 }
      },
      "13": {
        "start": { "line": 14, "column": 0 },
        "end": { "line": 14, "column": 3 }
      },
      "14": {
        "start": { "line": 15, "column": 0 },
        "end": { "line": 15, "column": 1 }
      }
    },
    "s": {
      "0": 1,
      "6": 1,
      "7": 1,
      "8": 14,
      "9": 14,
      "10": 14,
      "11": 14,
      "13": 14,
      "14": 1
    },
    "branchMap": {
      "0": {
        "type": "branch",
        "line": 8,
        "loc": {
          "start": { "line": 8, "column": 2 },
          "end": { "line": 14, "column": 3 }
        },
        "locations": [
          {
            "start": { "line": 8, "column": 2 },
            "end": { "line": 14, "column": 3 }
          }
        ]
      }
    },
    "b": { "0": [14] },
    "fnMap": {
      "0": {
        "name": "render",
        "decl": {
          "start": { "line": 8, "column": 2 },
          "end": { "line": 14, "column": 3 }
        },
        "loc": {
          "start": { "line": 8, "column": 2 },
          "end": { "line": 14, "column": 3 }
        },
        "line": 8
      }
    },
    "f": { "0": 14 }
  },
  "/Users/shakhri/Desktop/rs/react/rs-react-app/src/components/search/SearchView.tsx": {
    "path": "/Users/shakhri/Desktop/rs/react/rs-react-app/src/components/search/SearchView.tsx",
    "all": false,
    "statementMap": {
      "0": {
        "start": { "line": 1, "column": 0 },
        "end": { "line": 1, "column": 48 }
      },
      "3": {
        "start": { "line": 4, "column": 0 },
        "end": { "line": 4, "column": 66 }
      },
      "4": {
        "start": { "line": 5, "column": 0 },
        "end": { "line": 5, "column": 11 }
      },
      "5": {
        "start": { "line": 6, "column": 0 },
        "end": { "line": 6, "column": 28 }
      },
      "6": {
        "start": { "line": 7, "column": 0 },
        "end": { "line": 7, "column": 4 }
      },
      "8": {
        "start": { "line": 9, "column": 0 },
        "end": { "line": 9, "column": 29 }
      },
      "9": {
        "start": { "line": 10, "column": 0 },
        "end": { "line": 10, "column": 19 }
      },
      "10": {
        "start": { "line": 11, "column": 0 },
        "end": { "line": 11, "column": 30 }
      },
      "11": {
        "start": { "line": 12, "column": 0 },
        "end": { "line": 12, "column": 7 }
      },
      "12": {
        "start": { "line": 13, "column": 0 },
        "end": { "line": 13, "column": 3 }
      },
      "14": {
        "start": { "line": 15, "column": 0 },
        "end": { "line": 15, "column": 66 }
      },
      "15": {
        "start": { "line": 16, "column": 0 },
        "end": { "line": 16, "column": 47 }
      },
      "16": {
        "start": { "line": 17, "column": 0 },
        "end": { "line": 17, "column": 21 }
      },
      "17": {
        "start": { "line": 18, "column": 0 },
        "end": { "line": 18, "column": 32 }
      },
      "18": {
        "start": { "line": 19, "column": 0 },
        "end": { "line": 19, "column": 9 }
      },
      "19": {
        "start": { "line": 20, "column": 0 },
        "end": { "line": 20, "column": 5 }
      },
      "20": {
        "start": { "line": 21, "column": 0 },
        "end": { "line": 21, "column": 3 }
      },
      "22": {
        "start": { "line": 23, "column": 0 },
        "end": { "line": 23, "column": 59 }
      },
      "23": {
        "start": { "line": 24, "column": 0 },
        "end": { "line": 24, "column": 60 }
      },
      "24": {
        "start": { "line": 25, "column": 0 },
        "end": { "line": 25, "column": 18 }
      },
      "25": {
        "start": { "line": 26, "column": 0 },
        "end": { "line": 26, "column": 7 }
      },
      "26": {
        "start": { "line": 27, "column": 0 },
        "end": { "line": 27, "column": 26 }
      },
      "27": {
        "start": { "line": 28, "column": 0 },
        "end": { "line": 28, "column": 8 }
      },
      "28": {
        "start": { "line": 29, "column": 0 },
        "end": { "line": 29, "column": 13 }
      },
      "29": {
        "start": { "line": 30, "column": 0 },
        "end": { "line": 30, "column": 26 }
      },
      "30": {
        "start": { "line": 31, "column": 0 },
        "end": { "line": 31, "column": 29 }
      },
      "31": {
        "start": { "line": 32, "column": 0 },
        "end": { "line": 32, "column": 9 }
      },
      "32": {
        "start": { "line": 33, "column": 0 },
        "end": { "line": 33, "column": 7 }
      },
      "33": {
        "start": { "line": 34, "column": 0 },
        "end": { "line": 34, "column": 6 }
      },
      "34": {
        "start": { "line": 35, "column": 0 },
        "end": { "line": 35, "column": 3 }
      },
      "36": {
        "start": { "line": 37, "column": 0 },
        "end": { "line": 37, "column": 17 }
      },
      "37": {
        "start": { "line": 38, "column": 0 },
        "end": { "line": 38, "column": 53 }
      },
      "38": {
        "start": { "line": 39, "column": 0 },
        "end": { "line": 39, "column": 3 }
      },
      "40": {
        "start": { "line": 41, "column": 0 },
        "end": { "line": 41, "column": 12 }
      },
      "41": {
        "start": { "line": 42, "column": 0 },
        "end": { "line": 42, "column": 12 }
      },
      "42": {
        "start": { "line": 43, "column": 0 },
        "end": { "line": 43, "column": 34 }
      },
      "43": {
        "start": { "line": 44, "column": 0 },
        "end": { "line": 44, "column": 14 }
      },
      "44": {
        "start": { "line": 45, "column": 0 },
        "end": { "line": 45, "column": 42 }
      },
      "49": {
        "start": { "line": 50, "column": 0 },
        "end": { "line": 50, "column": 21 }
      },
      "50": {
        "start": { "line": 51, "column": 0 },
        "end": { "line": 51, "column": 43 }
      },
      "51": {
        "start": { "line": 52, "column": 0 },
        "end": { "line": 52, "column": 40 }
      },
      "52": {
        "start": { "line": 53, "column": 0 },
        "end": { "line": 53, "column": 61 }
      },
      "53": {
        "start": { "line": 54, "column": 0 },
        "end": { "line": 54, "column": 10 }
      },
      "54": {
        "start": { "line": 55, "column": 0 },
        "end": { "line": 55, "column": 15 }
      },
      "55": {
        "start": { "line": 56, "column": 0 },
        "end": { "line": 56, "column": 44 }
      },
      "56": {
        "start": { "line": 57, "column": 0 },
        "end": { "line": 57, "column": 88 }
      },
      "57": {
        "start": { "line": 58, "column": 0 },
        "end": { "line": 58, "column": 9 }
      },
      "59": {
        "start": { "line": 60, "column": 0 },
        "end": { "line": 60, "column": 17 }
      },
      "60": {
        "start": { "line": 61, "column": 0 },
        "end": { "line": 61, "column": 12 }
      },
      "62": {
        "start": { "line": 63, "column": 0 },
        "end": { "line": 63, "column": 3 }
      },
      "63": {
        "start": { "line": 64, "column": 0 },
        "end": { "line": 64, "column": 1 }
      }
    },
    "s": {
      "0": 1,
      "3": 1,
      "4": 1,
      "5": 8,
      "6": 8,
      "8": 1,
      "9": 8,
      "10": 8,
      "11": 8,
      "12": 8,
      "14": 1,
      "15": 50,
      "16": 3,
      "17": 3,
      "18": 3,
      "19": 3,
      "20": 50,
      "22": 1,
      "23": 34,
      "24": 34,
      "25": 34,
      "26": 34,
      "27": 34,
      "28": 34,
      "29": 34,
      "30": 6,
      "31": 6,
      "32": 34,
      "33": 34,
      "34": 34,
      "36": 1,
      "37": 11,
      "38": 11,
      "40": 1,
      "41": 58,
      "42": 58,
      "43": 58,
      "44": 58,
      "49": 58,
      "50": 58,
      "51": 58,
      "52": 58,
      "53": 58,
      "54": 58,
      "55": 58,
      "56": 58,
      "57": 58,
      "59": 58,
      "60": 58,
      "62": 58,
      "63": 1
    },
    "branchMap": {
      "0": {
        "type": "branch",
        "line": 5,
        "loc": {
          "start": { "line": 5, "column": 2 },
          "end": { "line": 7, "column": 4 }
        },
        "locations": [
          {
            "start": { "line": 5, "column": 2 },
            "end": { "line": 7, "column": 4 }
          }
        ]
      },
      "1": {
        "type": "branch",
        "line": 9,
        "loc": {
          "start": { "line": 9, "column": 2 },
          "end": { "line": 13, "column": 3 }
        },
        "locations": [
          {
            "start": { "line": 9, "column": 2 },
            "end": { "line": 13, "column": 3 }
          }
        ]
      },
      "2": {
        "type": "branch",
        "line": 15,
        "loc": {
          "start": { "line": 15, "column": 2 },
          "end": { "line": 21, "column": 3 }
        },
        "locations": [
          {
            "start": { "line": 15, "column": 2 },
            "end": { "line": 21, "column": 3 }
          }
        ]
      },
      "3": {
        "type": "branch",
        "line": 16,
        "loc": {
          "start": { "line": 16, "column": 46 },
          "end": { "line": 20, "column": 5 }
        },
        "locations": [
          {
            "start": { "line": 16, "column": 46 },
            "end": { "line": 20, "column": 5 }
          }
        ]
      },
      "4": {
        "type": "branch",
        "line": 23,
        "loc": {
          "start": { "line": 23, "column": 2 },
          "end": { "line": 35, "column": 3 }
        },
        "locations": [
          {
            "start": { "line": 23, "column": 2 },
            "end": { "line": 35, "column": 3 }
          }
        ]
      },
      "5": {
        "type": "branch",
        "line": 29,
        "loc": {
          "start": { "line": 29, "column": 6 },
          "end": { "line": 33, "column": 7 }
        },
        "locations": [
          {
            "start": { "line": 29, "column": 6 },
            "end": { "line": 33, "column": 7 }
          }
        ]
      },
      "6": {
        "type": "branch",
        "line": 30,
        "loc": {
          "start": { "line": 30, "column": 25 },
          "end": { "line": 32, "column": 9 }
        },
        "locations": [
          {
            "start": { "line": 30, "column": 25 },
            "end": { "line": 32, "column": 9 }
          }
        ]
      },
      "7": {
        "type": "branch",
        "line": 37,
        "loc": {
          "start": { "line": 37, "column": 2 },
          "end": { "line": 39, "column": 3 }
        },
        "locations": [
          {
            "start": { "line": 37, "column": 2 },
            "end": { "line": 39, "column": 3 }
          }
        ]
      },
      "8": {
        "type": "branch",
        "line": 38,
        "loc": {
          "start": { "line": 38, "column": 40 },
          "end": { "line": 38, "column": 51 }
        },
        "locations": [
          {
            "start": { "line": 38, "column": 40 },
            "end": { "line": 38, "column": 51 }
          }
        ]
      },
      "9": {
        "type": "branch",
        "line": 41,
        "loc": {
          "start": { "line": 41, "column": 2 },
          "end": { "line": 63, "column": 3 }
        },
        "locations": [
          {
            "start": { "line": 41, "column": 2 },
            "end": { "line": 63, "column": 3 }
          }
        ]
      },
      "10": {
        "type": "branch",
        "line": 52,
        "loc": {
          "start": { "line": 52, "column": 28 },
          "end": { "line": 52, "column": 40 }
        },
        "locations": [
          {
            "start": { "line": 52, "column": 28 },
            "end": { "line": 52, "column": 40 }
          }
        ]
      },
      "11": {
        "type": "branch",
        "line": 53,
        "loc": {
          "start": { "line": 53, "column": 20 },
          "end": { "line": 53, "column": 61 }
        },
        "locations": [
          {
            "start": { "line": 53, "column": 20 },
            "end": { "line": 53, "column": 61 }
          }
        ]
      },
      "12": {
        "type": "branch",
        "line": 56,
        "loc": {
          "start": { "line": 56, "column": 19 },
          "end": { "line": 56, "column": 44 }
        },
        "locations": [
          {
            "start": { "line": 56, "column": 19 },
            "end": { "line": 56, "column": 44 }
          }
        ]
      }
    },
    "b": {
      "0": [8],
      "1": [8],
      "2": [50],
      "3": [3],
      "4": [34],
      "5": [34],
      "6": [6],
      "7": [11],
      "8": [6],
      "9": [58],
      "10": [21],
      "11": [34],
      "12": [5]
    },
    "fnMap": {
      "0": {
        "name": "<instance_members_initializer>",
        "decl": {
          "start": { "line": 5, "column": 2 },
          "end": { "line": 7, "column": 4 }
        },
        "loc": {
          "start": { "line": 5, "column": 2 },
          "end": { "line": 7, "column": 4 }
        },
        "line": 5
      },
      "1": {
        "name": "componentDidMount",
        "decl": {
          "start": { "line": 9, "column": 2 },
          "end": { "line": 13, "column": 3 }
        },
        "loc": {
          "start": { "line": 9, "column": 2 },
          "end": { "line": 13, "column": 3 }
        },
        "line": 9
      },
      "2": {
        "name": "componentDidUpdate",
        "decl": {
          "start": { "line": 15, "column": 2 },
          "end": { "line": 21, "column": 3 }
        },
        "loc": {
          "start": { "line": 15, "column": 2 },
          "end": { "line": 21, "column": 3 }
        },
        "line": 15
      },
      "3": {
        "name": "handleChangeEvent",
        "decl": {
          "start": { "line": 23, "column": 2 },
          "end": { "line": 35, "column": 3 }
        },
        "loc": {
          "start": { "line": 23, "column": 2 },
          "end": { "line": 35, "column": 3 }
        },
        "line": 23
      },
      "4": {
        "name": "handleClick",
        "decl": {
          "start": { "line": 37, "column": 2 },
          "end": { "line": 39, "column": 3 }
        },
        "loc": {
          "start": { "line": 37, "column": 2 },
          "end": { "line": 39, "column": 3 }
        },
        "line": 37
      },
      "5": {
        "name": "render",
        "decl": {
          "start": { "line": 41, "column": 2 },
          "end": { "line": 63, "column": 3 }
        },
        "loc": {
          "start": { "line": 41, "column": 2 },
          "end": { "line": 63, "column": 3 }
        },
        "line": 41
      },
      "6": {
        "name": "onChange",
        "decl": {
          "start": { "line": 53, "column": 20 },
          "end": { "line": 53, "column": 61 }
        },
        "loc": {
          "start": { "line": 53, "column": 20 },
          "end": { "line": 53, "column": 61 }
        },
        "line": 53
      },
      "7": {
        "name": "onClick",
        "decl": {
          "start": { "line": 56, "column": 19 },
          "end": { "line": 56, "column": 44 }
        },
        "loc": {
          "start": { "line": 56, "column": 19 },
          "end": { "line": 56, "column": 44 }
        },
        "line": 56
      }
    },
    "f": { "0": 8, "1": 8, "2": 50, "3": 34, "4": 11, "5": 58, "6": 34, "7": 5 }
  },
  "/Users/shakhri/Desktop/rs/react/rs-react-app/src/components/spinner/SpinnerView.tsx": {
    "path": "/Users/shakhri/Desktop/rs/react/rs-react-app/src/components/spinner/SpinnerView.tsx",
    "all": false,
    "statementMap": {
      "0": {
        "start": { "line": 1, "column": 0 },
        "end": { "line": 1, "column": 34 }
      },
      "2": {
        "start": { "line": 3, "column": 0 },
        "end": { "line": 3, "column": 44 }
      },
      "3": {
        "start": { "line": 4, "column": 0 },
        "end": { "line": 4, "column": 12 }
      },
      "4": {
        "start": { "line": 5, "column": 0 },
        "end": { "line": 5, "column": 12 }
      },
      "5": {
        "start": { "line": 6, "column": 0 },
        "end": { "line": 6, "column": 25 }
      },
      "6": {
        "start": { "line": 7, "column": 0 },
        "end": { "line": 7, "column": 12 }
      },
      "7": {
        "start": { "line": 8, "column": 0 },
        "end": { "line": 8, "column": 28 }
      },
      "8": {
        "start": { "line": 9, "column": 0 },
        "end": { "line": 9, "column": 91 }
      },
      "9": {
        "start": { "line": 10, "column": 0 },
        "end": { "line": 10, "column": 31 }
      },
      "10": {
        "start": { "line": 11, "column": 0 },
        "end": { "line": 11, "column": 21 }
      },
      "11": {
        "start": { "line": 12, "column": 0 },
        "end": { "line": 12, "column": 44 }
      },
      "13": {
        "start": { "line": 14, "column": 0 },
        "end": { "line": 14, "column": 15 }
      },
      "14": {
        "start": { "line": 15, "column": 0 },
        "end": { "line": 15, "column": 380 }
      },
      "15": {
        "start": { "line": 16, "column": 0 },
        "end": { "line": 16, "column": 31 }
      },
      "16": {
        "start": { "line": 17, "column": 0 },
        "end": { "line": 17, "column": 12 }
      },
      "17": {
        "start": { "line": 18, "column": 0 },
        "end": { "line": 18, "column": 15 }
      },
      "18": {
        "start": { "line": 19, "column": 0 },
        "end": { "line": 19, "column": 605 }
      },
      "19": {
        "start": { "line": 20, "column": 0 },
        "end": { "line": 20, "column": 30 }
      },
      "20": {
        "start": { "line": 21, "column": 0 },
        "end": { "line": 21, "column": 12 }
      },
      "21": {
        "start": { "line": 22, "column": 0 },
        "end": { "line": 22, "column": 14 }
      },
      "22": {
        "start": { "line": 23, "column": 0 },
        "end": { "line": 23, "column": 51 }
      },
      "23": {
        "start": { "line": 24, "column": 0 },
        "end": { "line": 24, "column": 12 }
      },
      "25": {
        "start": { "line": 26, "column": 0 },
        "end": { "line": 26, "column": 3 }
      },
      "26": {
        "start": { "line": 27, "column": 0 },
        "end": { "line": 27, "column": 1 }
      }
    },
    "s": {
      "0": 1,
      "2": 1,
      "3": 1,
      "4": 14,
      "5": 14,
      "6": 14,
      "7": 14,
      "8": 14,
      "9": 14,
      "10": 14,
      "11": 14,
      "13": 14,
      "14": 14,
      "15": 14,
      "16": 14,
      "17": 14,
      "18": 14,
      "19": 14,
      "20": 14,
      "21": 14,
      "22": 14,
      "23": 14,
      "25": 14,
      "26": 1
    },
    "branchMap": {
      "0": {
        "type": "branch",
        "line": 4,
        "loc": {
          "start": { "line": 4, "column": 2 },
          "end": { "line": 26, "column": 3 }
        },
        "locations": [
          {
            "start": { "line": 4, "column": 2 },
            "end": { "line": 26, "column": 3 }
          }
        ]
      }
    },
    "b": { "0": [14] },
    "fnMap": {
      "0": {
        "name": "render",
        "decl": {
          "start": { "line": 4, "column": 2 },
          "end": { "line": 26, "column": 3 }
        },
        "loc": {
          "start": { "line": 4, "column": 2 },
          "end": { "line": 26, "column": 3 }
        },
        "line": 4
      }
    },
    "f": { "0": 14 }
  },
  "/Users/shakhri/Desktop/rs/react/rs-react-app/src/test-utils/mocks/localStorage.ts": {
    "path": "/Users/shakhri/Desktop/rs/react/rs-react-app/src/test-utils/mocks/localStorage.ts",
    "all": true,
    "statementMap": {},
    "s": {},
    "branchMap": {
      "0": {
        "type": "branch",
        "line": 1,
        "loc": {
          "start": { "line": 1, "column": 0 },
          "end": { "line": 1, "column": 0 }
        },
        "locations": [
          {
            "start": { "line": 1, "column": 0 },
            "end": { "line": 1, "column": 0 }
          }
        ]
      }
    },
    "b": { "0": [1] },
    "fnMap": {
      "0": {
        "name": "(empty-report)",
        "decl": {
          "start": { "line": 1, "column": 0 },
          "end": { "line": 1, "column": 0 }
        },
        "loc": {
          "start": { "line": 1, "column": 0 },
          "end": { "line": 1, "column": 0 }
        },
        "line": 1
      }
    },
    "f": { "0": 1 }
  },
  "/Users/shakhri/Desktop/rs/react/rs-react-app/src/types/types.ts": {
    "path": "/Users/shakhri/Desktop/rs/react/rs-react-app/src/types/types.ts",
    "all": true,
    "statementMap": {},
    "s": {},
    "branchMap": {
      "0": {
        "type": "branch",
        "line": 1,
        "loc": {
          "start": { "line": 1, "column": 655 },
          "end": { "line": 39, "column": 2 }
        },
        "locations": [
          {
            "start": { "line": 1, "column": 655 },
            "end": { "line": 39, "column": 2 }
          }
        ]
      }
    },
    "b": { "0": [1] },
    "fnMap": {
      "0": {
        "name": "(empty-report)",
        "decl": {
          "start": { "line": 1, "column": 655 },
          "end": { "line": 39, "column": 2 }
        },
        "loc": {
          "start": { "line": 1, "column": 655 },
          "end": { "line": 39, "column": 2 }
        },
        "line": 1
      }
    },
    "f": { "0": 1 }
  },
  "/Users/shakhri/Desktop/rs/react/rs-react-app/src/utils/utils.ts": {
    "path": "/Users/shakhri/Desktop/rs/react/rs-react-app/src/utils/utils.ts",
    "all": false,
    "statementMap": {
      "0": {
        "start": { "line": 1, "column": 0 },
        "end": { "line": 1, "column": 54 }
      },
      "1": {
        "start": { "line": 2, "column": 0 },
        "end": { "line": 2, "column": 35 }
      },
      "2": {
        "start": { "line": 3, "column": 0 },
        "end": { "line": 3, "column": 1 }
      },
      "4": {
        "start": { "line": 5, "column": 0 },
        "end": { "line": 5, "column": 48 }
      },
      "5": {
        "start": { "line": 6, "column": 0 },
        "end": { "line": 6, "column": 41 }
      },
      "6": {
        "start": { "line": 7, "column": 0 },
        "end": { "line": 7, "column": 1 }
      }
    },
    "s": { "0": 1, "1": 2, "2": 2, "4": 1, "5": 3, "6": 3 },
    "branchMap": {
      "0": {
        "type": "branch",
        "line": 1,
        "loc": {
          "start": { "line": 1, "column": 7 },
          "end": { "line": 3, "column": 1 }
        },
        "locations": [
          {
            "start": { "line": 1, "column": 7 },
            "end": { "line": 3, "column": 1 }
          }
        ]
      },
      "1": {
        "type": "branch",
        "line": 5,
        "loc": {
          "start": { "line": 5, "column": 7 },
          "end": { "line": 7, "column": 1 }
        },
        "locations": [
          {
            "start": { "line": 5, "column": 7 },
            "end": { "line": 7, "column": 1 }
          }
        ]
      },
      "2": {
        "type": "branch",
        "line": 6,
        "loc": {
          "start": { "line": 6, "column": 33 },
          "end": { "line": 6, "column": 41 }
        },
        "locations": [
          {
            "start": { "line": 6, "column": 33 },
            "end": { "line": 6, "column": 41 }
          }
        ]
      }
    },
    "b": { "0": [2], "1": [3], "2": [1] },
    "fnMap": {
      "0": {
        "name": "saveToLS",
        "decl": {
          "start": { "line": 1, "column": 7 },
          "end": { "line": 3, "column": 1 }
        },
        "loc": {
          "start": { "line": 1, "column": 7 },
          "end": { "line": 3, "column": 1 }
        },
        "line": 1
      },
      "1": {
        "name": "getFromLS",
        "decl": {
          "start": { "line": 5, "column": 7 },
          "end": { "line": 7, "column": 1 }
        },
        "loc": {
          "start": { "line": 5, "column": 7 },
          "end": { "line": 7, "column": 1 }
        },
        "line": 5
      }
    },
    "f": { "0": 2, "1": 3 }
  }
}
